<?xml version="1.0" encoding="UTF-8"?>
<!-- Generated by org.testng.reporters.JUnitReportReporter -->
<testsuite skipped="0" hostname="DESKTOP-O2V6U4O" name="testngtests.TestExecutionOrder" tests="4" failures="0" timestamp="2020-05-23T09:50:48 BST" time="0.075" errors="0">
  <testcase name="loginTest" time="0.042" classname="testngtests.TestExecutionOrder"/>
  <system-out/>
  <testcase name="logOutTest" time="0.017" classname="testngtests.TestExecutionOrder"/>
  <system-out/>
  <testcase name="addToCartTest" time="0.010" classname="testngtests.TestExecutionOrder"/>
  <system-out/>
  <testcase name="forgotPasswordTest" time="0.006" classname="testngtests.TestExecutionOrder"/>
  <system-out/>
</testsuite> <!-- testngtests.TestExecutionOrder -->
