<?xml version="1.0" encoding="UTF-8"?>
<!-- Generated by org.testng.reporters.JUnitReportReporter -->
<testsuite skipped="0" hostname="DESKTOP-O2V6U4O" name="testngtests.TestExecutionOrder" tests="4" failures="0" timestamp="2020-05-17T12:34:36 BST" time="0.117" errors="0">
  <testcase name="loginTest" time="0.067" classname="testngtests.TestExecutionOrder"/>
  <system-out/>
  <testcase name="logOutTest" time="0.026" classname="testngtests.TestExecutionOrder"/>
  <system-out/>
  <testcase name="addToCartTest" time="0.019" classname="testngtests.TestExecutionOrder"/>
  <system-out/>
  <testcase name="forgotPasswordTest" time="0.005" classname="testngtests.TestExecutionOrder"/>
  <system-out/>
</testsuite> <!-- testngtests.TestExecutionOrder -->
