<?xml version="1.0" encoding="UTF-8"?>
<!-- Generated by org.testng.reporters.JUnitReportReporter -->
<testsuite skipped="0" hostname="DESKTOP-O2V6U4O" name="testngtests.TestCaseGroupingTest" tests="7" failures="0" timestamp="2020-05-23T10:08:25 BST" time="0.059" errors="0">
  <testcase name="addToCartTest" time="0.004" classname="testngtests.TestCaseGroupingTest"/>
  <system-out/>
  <testcase name="loginTest" time="0.007" classname="testngtests.TestCaseGroupingTest"/>
  <system-out/>
  <testcase name="logOutTest" time="0.007" classname="testngtests.TestCaseGroupingTest"/>
  <system-out/>
  <testcase name="addMultipleItemsToCartTest" time="0.024" classname="testngtests.TestCaseGroupingTest"/>
  <system-out/>
  <testcase name="deleteFromCartTest" time="0.005" classname="testngtests.TestCaseGroupingTest"/>
  <system-out/>
  <testcase name="deleteMultipleItemsFromCartTest" time="0.007" classname="testngtests.TestCaseGroupingTest"/>
  <system-out/>
  <testcase name="forgotPasswordTest" time="0.005" classname="testngtests.TestCaseGroupingTest"/>
  <system-out/>
</testsuite> <!-- testngtests.TestCaseGroupingTest -->
