<?xml version="1.0" encoding="UTF-8"?>
<!-- Generated by org.testng.reporters.JUnitReportReporter -->
<testsuite skipped="0" hostname="DESKTOP-O2V6U4O" name="testngtests.TestCaseGroupingTest" tests="7" failures="0" timestamp="2020-05-17T12:34:36 BST" time="0.048" errors="0">
  <testcase name="addMultipleItemsToCartTest" time="0.003" classname="testngtests.TestCaseGroupingTest"/>
  <system-out/>
  <testcase name="forgotPasswordTest" time="0.003" classname="testngtests.TestCaseGroupingTest"/>
  <system-out/>
  <testcase name="addToCartTest" time="0.006" classname="testngtests.TestCaseGroupingTest"/>
  <system-out/>
  <testcase name="logOutTest" time="0.006" classname="testngtests.TestCaseGroupingTest"/>
  <system-out/>
  <testcase name="deleteFromCartTest" time="0.005" classname="testngtests.TestCaseGroupingTest"/>
  <system-out/>
  <testcase name="deleteMultipleItemsFromCartTest" time="0.015" classname="testngtests.TestCaseGroupingTest"/>
  <system-out/>
  <testcase name="loginTest" time="0.010" classname="testngtests.TestCaseGroupingTest"/>
  <system-out/>
</testsuite> <!-- testngtests.TestCaseGroupingTest -->
